<?xml version="1.0" encoding="UTF-8"?>
<testsuite xmlns:xsi="http://www.w3.org/2001/XMLSchema-instance" xsi:noNamespaceSchemaLocation="https://maven.apache.org/surefire/maven-surefire-plugin/xsd/surefire-test-report.xsd" name="it.polito.po.test.TestR1_Persons" time="0.017" tests="6" errors="0" skipped="0" failures="0">
  <properties>
[...]
</properties>
  <testcase name="tesGetPerson" classname="it.polito.po.test.TestR1_Persons" time="0"/>
  <testcase name="testAddMultiplePersons" classname="it.polito.po.test.TestR1_Persons" time="0"/>
  <testcase name="testPersonsInIntervals" classname="it.polito.po.test.TestR1_Persons" time="0.017"/>
  <testcase name="testAddPerson" classname="it.polito.po.test.TestR1_Persons" time="0"/>
  <testcase name="testIntervals" classname="it.polito.po.test.TestR1_Persons" time="0"/>
  <testcase name="tesGetAge" classname="it.polito.po.test.TestR1_Persons" time="0"/>
</testsuite>